<?xml version="1.0" encoding="UTF-8"?>
<!DOCTYPE coverage SYSTEM "http://cobertura.sourceforge.net/xml/coverage-04.dtd">
<coverage line-rate="1" branch-rate="0" lines-covered="73" lines-valid="73" branches-covered="0" branches-valid="0" complexity="0" version="" timestamp="1698562333170">
	<packages>
		<package name="github.com/happyhippyhippo/sapi" line-rate="1" branch-rate="0" complexity="0" line-count="73" line-hits="73">
			<classes>
				<class name="-" filename="envelope.go" line-rate="1" branch-rate="0" complexity="0" line-count="16" line-hits="16">
					<methods>
						<method name="NewEnvelopeStatusError" signature="" line-rate="1" branch-rate="0" complexity="0" line-count="0" line-hits="0">
							<lines>
								<line number="31" hits="37"></line>
							</lines>
						</method>
						<method name="NewEnvelopeStatus" signature="" line-rate="1" branch-rate="0" complexity="0" line-count="0" line-hits="0">
							<lines>
								<line number="173" hits="15"></line>
							</lines>
						</method>
						<method name="NewEnvelopeListReport" signature="" line-rate="1" branch-rate="0" complexity="0" line-count="0" line-hits="0">
							<lines>
								<line number="235" hits="10"></line>
								<line number="236" hits="10"></line>
								<line number="238" hits="9"></line>
								<line number="239" hits="9"></line>
								<line number="240" hits="4"></line>
								<line number="243" hits="9"></line>
								<line number="253" hits="10"></line>
								<line number="254" hits="10"></line>
								<line number="256" hits="7"></line>
								<line number="264" hits="10"></line>
							</lines>
						</method>
						<method name="NewEnvelope" signature="" line-rate="1" branch-rate="0" complexity="0" line-count="0" line-hits="0">
							<lines>
								<line number="294" hits="10"></line>
								<line number="301" hits="10"></line>
								<line number="302" hits="2"></line>
								<line number="304" hits="10"></line>
							</lines>
						</method>
					</methods>
					<lines>
						<line number="31" hits="37"></line>
						<line number="173" hits="15"></line>
						<line number="235" hits="10"></line>
						<line number="236" hits="10"></line>
						<line number="238" hits="9"></line>
						<line number="239" hits="9"></line>
						<line number="240" hits="4"></line>
						<line number="243" hits="9"></line>
						<line number="253" hits="10"></line>
						<line number="254" hits="10"></line>
						<line number="256" hits="7"></line>
						<line number="264" hits="10"></line>
						<line number="294" hits="10"></line>
						<line number="301" hits="10"></line>
						<line number="302" hits="2"></line>
						<line number="304" hits="10"></line>
					</lines>
				</class>
				<class name="EnvelopeStatusError" filename="envelope.go" line-rate="1" branch-rate="0" complexity="0" line-count="31" line-hits="31">
					<methods>
						<method name="SetService" signature="" line-rate="1" branch-rate="0" complexity="0" line-count="0" line-hits="0">
							<lines>
								<line number="41" hits="15"></line>
								<line number="42" hits="15"></line>
							</lines>
						</method>
						<method name="SetEndpoint" signature="" line-rate="1" branch-rate="0" complexity="0" line-count="0" line-hits="0">
							<lines>
								<line number="49" hits="15"></line>
								<line number="50" hits="15"></line>
							</lines>
						</method>
						<method name="SetParam" signature="" line-rate="1" branch-rate="0" complexity="0" line-count="0" line-hits="0">
							<lines>
								<line number="57" hits="4"></line>
								<line number="58" hits="4"></line>
							</lines>
						</method>
						<method name="SetError" signature="" line-rate="1" branch-rate="0" complexity="0" line-count="0" line-hits="0">
							<lines>
								<line number="65" hits="6"></line>
								<line number="66" hits="6"></line>
							</lines>
						</method>
						<method name="SetMessage" signature="" line-rate="1" branch-rate="0" complexity="0" line-count="0" line-hits="0">
							<lines>
								<line number="73" hits="1"></line>
								<line number="74" hits="1"></line>
							</lines>
						</method>
						<method name="GetCode" signature="" line-rate="1" branch-rate="0" complexity="0" line-count="0" line-hits="0">
							<lines>
								<line number="79" hits="1"></line>
							</lines>
						</method>
						<method name="GetMessage" signature="" line-rate="1" branch-rate="0" complexity="0" line-count="0" line-hits="0">
							<lines>
								<line number="84" hits="1"></line>
							</lines>
						</method>
						<method name="compose" signature="" line-rate="1" branch-rate="0" complexity="0" line-count="0" line-hits="0">
							<lines>
								<line number="88" hits="77"></line>
								<line number="90" hits="77"></line>
								<line number="91" hits="30"></line>
								<line number="94" hits="77"></line>
								<line number="95" hits="22"></line>
								<line number="96" hits="15"></line>
								<line number="98" hits="22"></line>
								<line number="101" hits="77"></line>
								<line number="102" hits="7"></line>
								<line number="103" hits="6"></line>
								<line number="105" hits="7"></line>
								<line number="108" hits="77"></line>
								<line number="109" hits="77"></line>
								<line number="110" hits="38"></line>
								<line number="113" hits="77"></line>
								<line number="114" hits="4"></line>
								<line number="116" hits="73"></line>
								<line number="120" hits="77"></line>
								<line number="121" hits="77"></line>
							</lines>
						</method>
					</methods>
					<lines>
						<line number="41" hits="15"></line>
						<line number="42" hits="15"></line>
						<line number="49" hits="15"></line>
						<line number="50" hits="15"></line>
						<line number="57" hits="4"></line>
						<line number="58" hits="4"></line>
						<line number="65" hits="6"></line>
						<line number="66" hits="6"></line>
						<line number="73" hits="1"></line>
						<line number="74" hits="1"></line>
						<line number="79" hits="1"></line>
						<line number="84" hits="1"></line>
						<line number="88" hits="77"></line>
						<line number="90" hits="77"></line>
						<line number="91" hits="30"></line>
						<line number="94" hits="77"></line>
						<line number="95" hits="22"></line>
						<line number="96" hits="15"></line>
						<line number="98" hits="22"></line>
						<line number="101" hits="77"></line>
						<line number="102" hits="7"></line>
						<line number="103" hits="6"></line>
						<line number="105" hits="7"></line>
						<line number="108" hits="77"></line>
						<line number="109" hits="77"></line>
						<line number="110" hits="38"></line>
						<line number="113" hits="77"></line>
						<line number="114" hits="4"></line>
						<line number="116" hits="73"></line>
						<line number="120" hits="77"></line>
						<line number="121" hits="77"></line>
					</lines>
				</class>
				<class name="EnvelopeStatusErrorList" filename="envelope.go" line-rate="1" branch-rate="0" complexity="0" line-count="8" line-hits="8">
					<methods>
						<method name="MarshalXML" signature="" line-rate="1" branch-rate="0" complexity="0" line-count="0" line-hits="0">
							<lines>
								<line number="138" hits="3"></line>
								<line number="140" hits="3"></line>
								<line number="142" hits="4"></line>
								<line number="144" hits="4"></line>
								<line number="152" hits="4"></line>
								<line number="155" hits="3"></line>
								<line number="156" hits="3"></line>
								<line number="157" hits="3"></line>
							</lines>
						</method>
					</methods>
					<lines>
						<line number="138" hits="3"></line>
						<line number="140" hits="3"></line>
						<line number="142" hits="4"></line>
						<line number="144" hits="4"></line>
						<line number="152" hits="4"></line>
						<line number="155" hits="3"></line>
						<line number="156" hits="3"></line>
						<line number="157" hits="3"></line>
					</lines>
				</class>
				<class name="EnvelopeStatus" filename="envelope.go" line-rate="1" branch-rate="0" complexity="0" line-count="9" line-hits="9">
					<methods>
						<method name="AddError" signature="" line-rate="1" branch-rate="0" complexity="0" line-count="0" line-hits="0">
							<lines>
								<line number="183" hits="20"></line>
								<line number="184" hits="20"></line>
								<line number="185" hits="20"></line>
							</lines>
						</method>
						<method name="SetService" signature="" line-rate="1" branch-rate="0" complexity="0" line-count="0" line-hits="0">
							<lines>
								<line number="192" hits="2"></line>
								<line number="193" hits="6"></line>
								<line number="195" hits="2"></line>
							</lines>
						</method>
						<method name="SetEndpoint" signature="" line-rate="1" branch-rate="0" complexity="0" line-count="0" line-hits="0">
							<lines>
								<line number="202" hits="4"></line>
								<line number="203" hits="6"></line>
								<line number="205" hits="4"></line>
							</lines>
						</method>
					</methods>
					<lines>
						<line number="183" hits="20"></line>
						<line number="184" hits="20"></line>
						<line number="185" hits="20"></line>
						<line number="192" hits="2"></line>
						<line number="193" hits="6"></line>
						<line number="195" hits="2"></line>
						<line number="202" hits="4"></line>
						<line number="203" hits="6"></line>
						<line number="205" hits="4"></line>
					</lines>
				</class>
				<class name="Envelope" filename="envelope.go" line-rate="1" branch-rate="0" complexity="0" line-count="9" line-hits="9">
					<methods>
						<method name="GetStatusCode" signature="" line-rate="1" branch-rate="0" complexity="0" line-count="0" line-hits="0">
							<lines>
								<line number="309" hits="1"></line>
							</lines>
						</method>
						<method name="SetService" signature="" line-rate="1" branch-rate="0" complexity="0" line-count="0" line-hits="0">
							<lines>
								<line number="316" hits="1"></line>
								<line number="317" hits="1"></line>
							</lines>
						</method>
						<method name="SetEndpoint" signature="" line-rate="1" branch-rate="0" complexity="0" line-count="0" line-hits="0">
							<lines>
								<line number="324" hits="3"></line>
								<line number="325" hits="3"></line>
							</lines>
						</method>
						<method name="SetListReport" signature="" line-rate="1" branch-rate="0" complexity="0" line-count="0" line-hits="0">
							<lines>
								<line number="332" hits="2"></line>
								<line number="333" hits="2"></line>
							</lines>
						</method>
						<method name="AddError" signature="" line-rate="1" branch-rate="0" complexity="0" line-count="0" line-hits="0">
							<lines>
								<line number="340" hits="10"></line>
								<line number="341" hits="10"></line>
							</lines>
						</method>
					</methods>
					<lines>
						<line number="309" hits="1"></line>
						<line number="316" hits="1"></line>
						<line number="317" hits="1"></line>
						<line number="324" hits="3"></line>
						<line number="325" hits="3"></line>
						<line number="332" hits="2"></line>
						<line number="333" hits="2"></line>
						<line number="340" hits="10"></line>
						<line number="341" hits="10"></line>
					</lines>
				</class>
			</classes>
		</package>
	</packages>
	<sources>
		<source>/Users/cdias/Projects/slate/code/sapi</source>
	</sources>
</coverage>
