mode: atomic
github.com/happyhippyhippo/sapi/envelope.go:30.24,35.2 1 37
github.com/happyhippyhippo/sapi/envelope.go:40.24,43.2 2 15
github.com/happyhippyhippo/sapi/envelope.go:48.24,51.2 2 15
github.com/happyhippyhippo/sapi/envelope.go:56.24,59.2 2 4
github.com/happyhippyhippo/sapi/envelope.go:64.24,67.2 2 6
github.com/happyhippyhippo/sapi/envelope.go:72.24,75.2 2 1
github.com/happyhippyhippo/sapi/envelope.go:78.48,80.2 1 1
github.com/happyhippyhippo/sapi/envelope.go:83.51,85.2 1 1
github.com/happyhippyhippo/sapi/envelope.go:87.62,90.20 2 77
github.com/happyhippyhippo/sapi/envelope.go:90.20,92.3 1 30
github.com/happyhippyhippo/sapi/envelope.go:94.2,94.21 1 77
github.com/happyhippyhippo/sapi/envelope.go:94.21,95.20 1 22
github.com/happyhippyhippo/sapi/envelope.go:95.20,97.4 1 15
github.com/happyhippyhippo/sapi/envelope.go:98.3,98.50 1 22
github.com/happyhippyhippo/sapi/envelope.go:101.2,101.18 1 77
github.com/happyhippyhippo/sapi/envelope.go:101.18,102.20 1 7
github.com/happyhippyhippo/sapi/envelope.go:102.20,104.4 1 6
github.com/happyhippyhippo/sapi/envelope.go:105.3,105.47 1 7
github.com/happyhippyhippo/sapi/envelope.go:108.2,108.19 1 77
github.com/happyhippyhippo/sapi/envelope.go:108.19,109.20 1 77
github.com/happyhippyhippo/sapi/envelope.go:109.20,111.4 1 38
github.com/happyhippyhippo/sapi/envelope.go:113.3,113.50 1 77
github.com/happyhippyhippo/sapi/envelope.go:113.50,115.4 1 4
github.com/happyhippyhippo/sapi/envelope.go:115.9,117.4 1 73
github.com/happyhippyhippo/sapi/envelope.go:120.2,121.10 2 77
github.com/happyhippyhippo/sapi/envelope.go:136.9,140.22 2 3
github.com/happyhippyhippo/sapi/envelope.go:140.22,153.3 3 4
github.com/happyhippyhippo/sapi/envelope.go:155.2,157.12 3 3
github.com/happyhippyhippo/sapi/envelope.go:172.42,177.2 1 15
github.com/happyhippyhippo/sapi/envelope.go:182.19,186.2 3 20
github.com/happyhippyhippo/sapi/envelope.go:191.19,192.26 1 2
github.com/happyhippyhippo/sapi/envelope.go:192.26,194.3 1 6
github.com/happyhippyhippo/sapi/envelope.go:195.2,195.10 1 2
github.com/happyhippyhippo/sapi/envelope.go:201.19,202.26 1 4
github.com/happyhippyhippo/sapi/envelope.go:202.26,204.3 1 6
github.com/happyhippyhippo/sapi/envelope.go:205.2,205.10 1 4
github.com/happyhippyhippo/sapi/envelope.go:232.23,236.15 2 10
github.com/happyhippyhippo/sapi/envelope.go:236.15,239.20 2 9
github.com/happyhippyhippo/sapi/envelope.go:239.20,241.4 1 4
github.com/happyhippyhippo/sapi/envelope.go:243.3,248.4 1 9
github.com/happyhippyhippo/sapi/envelope.go:253.2,254.25 2 10
github.com/happyhippyhippo/sapi/envelope.go:254.25,262.3 1 7
github.com/happyhippyhippo/sapi/envelope.go:264.2,271.3 1 10
github.com/happyhippyhippo/sapi/envelope.go:292.13,301.49 2 10
github.com/happyhippyhippo/sapi/envelope.go:301.49,303.3 1 2
github.com/happyhippyhippo/sapi/envelope.go:304.2,304.12 1 10
github.com/happyhippyhippo/sapi/envelope.go:308.40,310.2 1 1
github.com/happyhippyhippo/sapi/envelope.go:315.13,318.2 2 1
github.com/happyhippyhippo/sapi/envelope.go:323.13,326.2 2 3
github.com/happyhippyhippo/sapi/envelope.go:331.13,334.2 2 2
github.com/happyhippyhippo/sapi/envelope.go:339.13,342.2 2 10
