mode: atomic
github.com/happyhippyhippo/sapi/envelope.go:30.24,35.2 1 43
github.com/happyhippyhippo/sapi/envelope.go:40.24,43.2 2 15
github.com/happyhippyhippo/sapi/envelope.go:48.24,51.2 2 15
github.com/happyhippyhippo/sapi/envelope.go:56.24,59.2 2 10
github.com/happyhippyhippo/sapi/envelope.go:64.24,67.2 2 6
github.com/happyhippyhippo/sapi/envelope.go:72.24,75.2 2 1
github.com/happyhippyhippo/sapi/envelope.go:78.48,80.2 1 5
github.com/happyhippyhippo/sapi/envelope.go:83.51,85.2 1 5
github.com/happyhippyhippo/sapi/envelope.go:87.62,90.20 2 89
github.com/happyhippyhippo/sapi/envelope.go:90.20,92.3 1 30
github.com/happyhippyhippo/sapi/envelope.go:94.2,94.21 1 89
github.com/happyhippyhippo/sapi/envelope.go:94.21,95.20 1 22
github.com/happyhippyhippo/sapi/envelope.go:95.20,97.4 1 15
github.com/happyhippyhippo/sapi/envelope.go:98.3,98.50 1 22
github.com/happyhippyhippo/sapi/envelope.go:101.2,101.18 1 89
github.com/happyhippyhippo/sapi/envelope.go:101.18,102.20 1 10
github.com/happyhippyhippo/sapi/envelope.go:102.20,104.4 1 6
github.com/happyhippyhippo/sapi/envelope.go:105.3,105.47 1 10
github.com/happyhippyhippo/sapi/envelope.go:108.2,108.19 1 89
github.com/happyhippyhippo/sapi/envelope.go:108.19,109.20 1 89
github.com/happyhippyhippo/sapi/envelope.go:109.20,111.4 1 41
github.com/happyhippyhippo/sapi/envelope.go:113.3,113.50 1 89
github.com/happyhippyhippo/sapi/envelope.go:113.50,115.4 1 4
github.com/happyhippyhippo/sapi/envelope.go:115.9,117.4 1 85
github.com/happyhippyhippo/sapi/envelope.go:120.2,121.10 2 89
github.com/happyhippyhippo/sapi/envelope.go:136.9,140.22 2 3
github.com/happyhippyhippo/sapi/envelope.go:140.22,153.3 3 4
github.com/happyhippyhippo/sapi/envelope.go:155.2,157.12 3 3
github.com/happyhippyhippo/sapi/envelope.go:172.42,177.2 1 24
github.com/happyhippyhippo/sapi/envelope.go:182.19,186.2 3 26
github.com/happyhippyhippo/sapi/envelope.go:191.19,192.26 1 2
github.com/happyhippyhippo/sapi/envelope.go:192.26,194.3 1 6
github.com/happyhippyhippo/sapi/envelope.go:195.2,195.10 1 2
github.com/happyhippyhippo/sapi/envelope.go:201.19,202.26 1 4
github.com/happyhippyhippo/sapi/envelope.go:202.26,204.3 1 6
github.com/happyhippyhippo/sapi/envelope.go:205.2,205.10 1 4
github.com/happyhippyhippo/sapi/envelope.go:232.23,236.15 2 10
github.com/happyhippyhippo/sapi/envelope.go:236.15,239.20 2 9
github.com/happyhippyhippo/sapi/envelope.go:239.20,241.4 1 4
github.com/happyhippyhippo/sapi/envelope.go:243.3,248.4 1 9
github.com/happyhippyhippo/sapi/envelope.go:253.2,254.25 2 10
github.com/happyhippyhippo/sapi/envelope.go:254.25,262.3 1 7
github.com/happyhippyhippo/sapi/envelope.go:264.2,271.3 1 10
github.com/happyhippyhippo/sapi/envelope.go:292.13,301.49 2 19
github.com/happyhippyhippo/sapi/envelope.go:301.49,303.3 1 2
github.com/happyhippyhippo/sapi/envelope.go:304.2,304.12 1 19
github.com/happyhippyhippo/sapi/envelope.go:308.40,310.2 1 1
github.com/happyhippyhippo/sapi/envelope.go:315.13,318.2 2 1
github.com/happyhippyhippo/sapi/envelope.go:323.13,326.2 2 3
github.com/happyhippyhippo/sapi/envelope.go:331.13,334.2 2 2
github.com/happyhippyhippo/sapi/envelope.go:339.13,342.2 2 16
github.com/happyhippyhippo/sapi/errors.go:16.9,18.2 1 10
github.com/happyhippyhippo/sapi/errors.go:24.9,26.2 1 2
github.com/happyhippyhippo/sapi/validation.go:60.9,62.2 1 3
github.com/happyhippyhippo/sapi/validation.go:69.65,72.2 2 7
github.com/happyhippyhippo/sapi/validation.go:81.26,83.20 2 5
github.com/happyhippyhippo/sapi/validation.go:83.20,85.3 1 1
github.com/happyhippyhippo/sapi/validation.go:86.2,86.24 1 4
github.com/happyhippyhippo/sapi/validation.go:102.30,103.23 1 19
github.com/happyhippyhippo/sapi/validation.go:103.23,105.3 1 1
github.com/happyhippyhippo/sapi/validation.go:107.2,231.8 1 18
github.com/happyhippyhippo/sapi/validation.go:239.22,240.16 1 11
github.com/happyhippyhippo/sapi/validation.go:240.16,242.3 1 1
github.com/happyhippyhippo/sapi/validation.go:244.2,244.35 1 10
github.com/happyhippyhippo/sapi/validation.go:244.35,246.3 1 2
github.com/happyhippyhippo/sapi/validation.go:248.2,249.27 2 8
github.com/happyhippyhippo/sapi/validation.go:249.27,251.15 2 8
github.com/happyhippyhippo/sapi/validation.go:251.15,253.4 1 3
github.com/happyhippyhippo/sapi/validation.go:254.3,254.31 1 5
github.com/happyhippyhippo/sapi/validation.go:257.2,257.18 1 5
github.com/happyhippyhippo/sapi/validation.go:264.3,266.2 1 1
github.com/happyhippyhippo/sapi/validation.go:271.33,272.14 1 8
github.com/happyhippyhippo/sapi/validation.go:272.14,274.3 1 1
github.com/happyhippyhippo/sapi/validation.go:276.2,279.49 4 7
github.com/happyhippyhippo/sapi/validation.go:279.49,281.52 2 4
github.com/happyhippyhippo/sapi/validation.go:281.52,283.4 1 2
github.com/happyhippyhippo/sapi/validation.go:286.2,286.99 1 5
github.com/happyhippyhippo/sapi/validation.go:302.22,304.23 1 8
github.com/happyhippyhippo/sapi/validation.go:304.23,306.3 1 1
github.com/happyhippyhippo/sapi/validation.go:308.2,308.19 1 7
github.com/happyhippyhippo/sapi/validation.go:308.19,310.3 1 1
github.com/happyhippyhippo/sapi/validation.go:312.2,315.52 3 6
github.com/happyhippyhippo/sapi/validation.go:315.52,317.19 1 4
github.com/happyhippyhippo/sapi/validation.go:317.19,319.4 1 1
github.com/happyhippyhippo/sapi/validation.go:321.3,321.50 1 3
github.com/happyhippyhippo/sapi/validation.go:321.50,324.4 1 2
github.com/happyhippyhippo/sapi/validation.go:325.3,325.18 1 1
github.com/happyhippyhippo/sapi/validation.go:343.30,347.2 1 8
github.com/happyhippyhippo/sapi/validation.go:353.9,355.22 1 6
github.com/happyhippyhippo/sapi/validation.go:355.22,357.3 1 1
github.com/happyhippyhippo/sapi/validation.go:358.2,362.12 5 5
